# JRE version: OpenJDK Runtime Environment (17.0.6) (build 17.0.6+0-b2043.56-10027231)
# Java VM: OpenJDK 64-Bit Server VM (17.0.6+0-b2043.56-10027231, mixed mode, tiered, compressed oops, compressed class ptrs, g1 gc, windows-amd64)
GC Precious Log:
 CPUs: 12 total, 12 available
 Memory: 16313M
 Large Page Support: Disabled
 NUMA Support: Disabled
 Compressed Oops: Enabled (32-bit)
 Heap Region Size: 1M
 Heap Min Capacity: 8M
 Heap Initial Capacity: 256M
 Heap Max Capacity: 2G
 Pre-touch: Disabled
 Parallel Workers: 10
 Concurrent Workers: 3
 Concurrent Refinement Workers: 10
 Periodic GC: Disabled
Heap:
 garbage-first heap   total 220160K, used 145301K [0x0000000080000000, 0x0000000100000000)
  region size 1024K, 48 young (49152K), 3 survivors (3072K)
 Metaspace       used 80547K, committed 81280K, reserved 1122304K
  class space    used 10843K, committed 11200K, reserved 1048576K
GC Heap History (20 events):
Event: 5.966 GC heap before
{Heap before GC invocations=22 (full 0):
 garbage-first heap   total 152576K, used 80389K [0x0000000080000000, 0x0000000100000000)
  region size 1024K, 6 young (6144K), 3 survivors (3072K)
 Metaspace       used 56212K, committed 56896K, reserved 1105920K
  class space    used 7570K, committed 7872K, reserved 1048576K
}
Event: 5.969 GC heap after
{Heap after GC invocations=23 (full 0):
 garbage-first heap   total 152576K, used 79567K [0x0000000080000000, 0x0000000100000000)
  region size 1024K, 4 young (4096K), 4 survivors (4096K)
 Metaspace       used 56212K, committed 56896K, reserved 1105920K
  class space    used 7570K, committed 7872K, reserved 1048576K
}
Event: 6.032 GC heap before
{Heap before GC invocations=24 (full 0):
 garbage-first heap   total 152576K, used 89807K [0x0000000080000000, 0x0000000100000000)
  region size 1024K, 11 young (11264K), 4 survivors (4096K)
 Metaspace       used 56510K, committed 57152K, reserved 1105920K
  class space    used 7622K, committed 7936K, reserved 1048576K
}
Event: 6.036 GC heap after
{Heap after GC invocations=25 (full 0):
 garbage-first heap   total 152576K, used 88529K [0x0000000080000000, 0x0000000100000000)
  region size 1024K, 4 young (4096K), 4 survivors (4096K)
 Metaspace       used 56510K, committed 57152K, reserved 1105920K
  class space    used 7622K, committed 7936K, reserved 1048576K
}
Event: 6.272 GC heap before
{Heap before GC invocations=26 (full 0):
 garbage-first heap   total 155648K, used 112081K [0x0000000080000000, 0x0000000100000000)
  region size 1024K, 26 young (26624K), 4 survivors (4096K)
 Metaspace       used 59258K, committed 59904K, reserved 1105920K
  class space    used 7981K, committed 8256K, reserved 1048576K
}
Event: 6.274 GC heap after
{Heap after GC invocations=27 (full 0):
 garbage-first heap   total 155648K, used 90937K [0x0000000080000000, 0x0000000100000000)
  region size 1024K, 3 young (3072K), 3 survivors (3072K)
 Metaspace       used 59258K, committed 59904K, reserved 1105920K
  class space    used 7981K, committed 8256K, reserved 1048576K
}
Event: 6.585 GC heap before
{Heap before GC invocations=27 (full 0):
 garbage-first heap   total 155648K, used 114489K [0x0000000080000000, 0x0000000100000000)
  region size 1024K, 26 young (26624K), 3 survivors (3072K)
 Metaspace       used 62767K, committed 63424K, reserved 1105920K
  class space    used 8418K, committed 8704K, reserved 1048576K
}
Event: 6.588 GC heap after
{Heap after GC invocations=28 (full 0):
 garbage-first heap   total 155648K, used 91796K [0x0000000080000000, 0x0000000100000000)
  region size 1024K, 1 young (1024K), 1 survivors (1024K)
 Metaspace       used 62767K, committed 63424K, reserved 1105920K
  class space    used 8418K, committed 8704K, reserved 1048576K
}
Event: 6.862 GC heap before
{Heap before GC invocations=29 (full 0):
 garbage-first heap   total 158720K, used 122516K [0x0000000080000000, 0x0000000100000000)
  region size 1024K, 26 young (26624K), 1 survivors (1024K)
 Metaspace       used 66342K, committed 67072K, reserved 1114112K
  class space    used 8885K, committed 9216K, reserved 1048576K
}
Event: 6.865 GC heap after
{Heap after GC invocations=30 (full 0):
 garbage-first heap   total 158720K, used 100257K [0x0000000080000000, 0x0000000100000000)
  region size 1024K, 4 young (4096K), 4 survivors (4096K)
 Metaspace       used 66342K, committed 67072K, reserved 1114112K
  class space    used 8885K, committed 9216K, reserved 1048576K
}
Event: 6.894 GC heap before
{Heap before GC invocations=30 (full 0):
 garbage-first heap   total 158720K, used 103329K [0x0000000080000000, 0x0000000100000000)
  region size 1024K, 7 young (7168K), 4 survivors (4096K)
 Metaspace       used 66400K, committed 67072K, reserved 1114112K
  class space    used 8897K, committed 9216K, reserved 1048576K
}
Event: 6.896 GC heap after
{Heap after GC invocations=31 (full 0):
 garbage-first heap   total 158720K, used 96731K [0x0000000080000000, 0x0000000100000000)
  region size 1024K, 1 young (1024K), 1 survivors (1024K)
 Metaspace       used 66400K, committed 67072K, reserved 1114112K
  class space    used 8897K, committed 9216K, reserved 1048576K
}
Event: 7.154 GC heap before
{Heap before GC invocations=31 (full 0):
 garbage-first heap   total 158720K, used 122331K [0x0000000080000000, 0x0000000100000000)
  region size 1024K, 26 young (26624K), 1 survivors (1024K)
 Metaspace       used 68886K, committed 69568K, reserved 1114112K
  class space    used 9217K, committed 9536K, reserved 1048576K
}
Event: 7.156 GC heap after
{Heap after GC invocations=32 (full 0):
 garbage-first heap   total 158720K, used 98127K [0x0000000080000000, 0x0000000100000000)
  region size 1024K, 3 young (3072K), 3 survivors (3072K)
 Metaspace       used 68886K, committed 69568K, reserved 1114112K
  class space    used 9217K, committed 9536K, reserved 1048576K
}
Event: 7.486 GC heap before
{Heap before GC invocations=33 (full 0):
 garbage-first heap   total 168960K, used 123727K [0x0000000080000000, 0x0000000100000000)
  region size 1024K, 29 young (29696K), 3 survivors (3072K)
 Metaspace       used 71981K, committed 72640K, reserved 1114112K
  class space    used 9655K, committed 9984K, reserved 1048576K
}
Event: 7.489 GC heap after
{Heap after GC invocations=34 (full 0):
 garbage-first heap   total 168960K, used 98363K [0x0000000080000000, 0x0000000100000000)
  region size 1024K, 3 young (3072K), 3 survivors (3072K)
 Metaspace       used 71981K, committed 72640K, reserved 1114112K
  class space    used 9655K, committed 9984K, reserved 1048576K
}
Event: 7.554 GC heap before
{Heap before GC invocations=34 (full 0):
 garbage-first heap   total 168960K, used 102459K [0x0000000080000000, 0x0000000100000000)
  region size 1024K, 8 young (8192K), 3 survivors (3072K)
 Metaspace       used 72780K, committed 73408K, reserved 1114112K
  class space    used 9754K, committed 10048K, reserved 1048576K
}
Event: 7.557 GC heap after
{Heap after GC invocations=35 (full 0):
 garbage-first heap   total 168960K, used 98393K [0x0000000080000000, 0x0000000100000000)
  region size 1024K, 1 young (1024K), 1 survivors (1024K)
 Metaspace       used 72780K, committed 73408K, reserved 1114112K
  class space    used 9754K, committed 10048K, reserved 1048576K
}
Event: 7.905 GC heap before
{Heap before GC invocations=35 (full 0):
 garbage-first heap   total 168960K, used 133209K [0x0000000080000000, 0x0000000100000000)
  region size 1024K, 35 young (35840K), 1 survivors (1024K)
 Metaspace       used 76841K, committed 77504K, reserved 1122304K
  class space    used 10317K, committed 10624K, reserved 1048576K
}
Event: 7.908 GC heap after
{Heap after GC invocations=36 (full 0):
 garbage-first heap   total 220160K, used 100245K [0x0000000080000000, 0x0000000100000000)
  region size 1024K, 3 young (3072K), 3 survivors (3072K)
 Metaspace       used 76841K, committed 77504K, reserved 1122304K
  class space    used 10317K, committed 10624K, reserved 1048576K
}

