# JRE version: OpenJDK Runtime Environment (17.0.6) (build 17.0.6+0-b2043.56-10027231)
# Java VM: OpenJDK 64-Bit Server VM (17.0.6+0-b2043.56-10027231, mixed mode, tiered, compressed oops, compressed class ptrs, g1 gc, windows-amd64)
GC Precious Log:
 CPUs: 12 total, 12 available
 Memory: 16313M
 Large Page Support: Disabled
 NUMA Support: Disabled
 Compressed Oops: Enabled (32-bit)
 Heap Region Size: 1M
 Heap Min Capacity: 8M
 Heap Initial Capacity: 256M
 Heap Max Capacity: 2G
 Pre-touch: Disabled
 Parallel Workers: 10
 Concurrent Workers: 3
 Concurrent Refinement Workers: 10
 Periodic GC: Disabled
Heap:
 garbage-first heap   total 196608K, used 145874K [0x0000000080000000, 0x0000000100000000)
  region size 1024K, 43 young (44032K), 4 survivors (4096K)
 Metaspace       used 90493K, committed 91200K, reserved 1130496K
  class space    used 12414K, committed 12736K, reserved 1048576K
GC Heap History (20 events):
Event: 6.106 GC heap before
{Heap before GC invocations=19 (full 0):
 garbage-first heap   total 136192K, used 89928K [0x0000000080000000, 0x0000000100000000)
  region size 1024K, 22 young (22528K), 3 survivors (3072K)
 Metaspace       used 56115K, committed 56768K, reserved 1105920K
  class space    used 7551K, committed 7872K, reserved 1048576K
}
Event: 6.109 GC heap after
{Heap after GC invocations=20 (full 0):
 garbage-first heap   total 136192K, used 73560K [0x0000000080000000, 0x0000000100000000)
  region size 1024K, 2 young (2048K), 2 survivors (2048K)
 Metaspace       used 56115K, committed 56768K, reserved 1105920K
  class space    used 7551K, committed 7872K, reserved 1048576K
}
Event: 6.149 GC heap before
{Heap before GC invocations=21 (full 0):
 garbage-first heap   total 136192K, used 82776K [0x0000000080000000, 0x0000000100000000)
  region size 1024K, 7 young (7168K), 2 survivors (2048K)
 Metaspace       used 56193K, committed 56832K, reserved 1105920K
  class space    used 7561K, committed 7872K, reserved 1048576K
}
Event: 6.150 GC heap after
{Heap after GC invocations=22 (full 0):
 garbage-first heap   total 136192K, used 81665K [0x0000000080000000, 0x0000000100000000)
  region size 1024K, 5 young (5120K), 5 survivors (5120K)
 Metaspace       used 56193K, committed 56832K, reserved 1105920K
  class space    used 7561K, committed 7872K, reserved 1048576K
}
Event: 6.180 GC heap before
{Heap before GC invocations=23 (full 0):
 garbage-first heap   total 150528K, used 87809K [0x0000000080000000, 0x0000000100000000)
  region size 1024K, 9 young (9216K), 5 survivors (5120K)
 Metaspace       used 56476K, committed 57088K, reserved 1105920K
  class space    used 7613K, committed 7936K, reserved 1048576K
}
Event: 6.182 GC heap after
{Heap after GC invocations=24 (full 0):
 garbage-first heap   total 150528K, used 87475K [0x0000000080000000, 0x0000000100000000)
  region size 1024K, 2 young (2048K), 2 survivors (2048K)
 Metaspace       used 56476K, committed 57088K, reserved 1105920K
  class space    used 7613K, committed 7936K, reserved 1048576K
}
Event: 6.369 GC heap before
{Heap before GC invocations=25 (full 0):
 garbage-first heap   total 153600K, used 108979K [0x0000000080000000, 0x0000000100000000)
  region size 1024K, 22 young (22528K), 2 survivors (2048K)
 Metaspace       used 58912K, committed 59520K, reserved 1105920K
  class space    used 7943K, committed 8256K, reserved 1048576K
}
Event: 6.371 GC heap after
{Heap after GC invocations=26 (full 0):
 garbage-first heap   total 153600K, used 89295K [0x0000000080000000, 0x0000000100000000)
  region size 1024K, 2 young (2048K), 2 survivors (2048K)
 Metaspace       used 58912K, committed 59520K, reserved 1105920K
  class space    used 7943K, committed 8256K, reserved 1048576K
}
Event: 6.655 GC heap before
{Heap before GC invocations=26 (full 0):
 garbage-first heap   total 153600K, used 111823K [0x0000000080000000, 0x0000000100000000)
  region size 1024K, 24 young (24576K), 2 survivors (2048K)
 Metaspace       used 62345K, committed 63040K, reserved 1105920K
  class space    used 8333K, committed 8640K, reserved 1048576K
}
Event: 6.658 GC heap after
{Heap after GC invocations=27 (full 0):
 garbage-first heap   total 196608K, used 90150K [0x0000000080000000, 0x0000000100000000)
  region size 1024K, 1 young (1024K), 1 survivors (1024K)
 Metaspace       used 62345K, committed 63040K, reserved 1105920K
  class space    used 8333K, committed 8640K, reserved 1048576K
}
Event: 7.560 GC heap before
{Heap before GC invocations=28 (full 0):
 garbage-first heap   total 196608K, used 138278K [0x0000000080000000, 0x0000000100000000)
  region size 1024K, 42 young (43008K), 1 survivors (1024K)
 Metaspace       used 67663K, committed 68352K, reserved 1114112K
  class space    used 9051K, committed 9344K, reserved 1048576K
}
Event: 7.564 GC heap after
{Heap after GC invocations=29 (full 0):
 garbage-first heap   total 196608K, used 94478K [0x0000000080000000, 0x0000000100000000)
  region size 1024K, 6 young (6144K), 6 survivors (6144K)
 Metaspace       used 67663K, committed 68352K, reserved 1114112K
  class space    used 9051K, committed 9344K, reserved 1048576K
}
Event: 8.042 GC heap before
{Heap before GC invocations=29 (full 0):
 garbage-first heap   total 196608K, used 137486K [0x0000000080000000, 0x0000000100000000)
  region size 1024K, 48 young (49152K), 6 survivors (6144K)
 Metaspace       used 72270K, committed 72896K, reserved 1114112K
  class space    used 9684K, committed 9984K, reserved 1048576K
}
Event: 8.046 GC heap after
{Heap after GC invocations=30 (full 0):
 garbage-first heap   total 196608K, used 96900K [0x0000000080000000, 0x0000000100000000)
  region size 1024K, 3 young (3072K), 3 survivors (3072K)
 Metaspace       used 72270K, committed 72896K, reserved 1114112K
  class space    used 9684K, committed 9984K, reserved 1048576K
}
Event: 8.480 GC heap before
{Heap before GC invocations=30 (full 0):
 garbage-first heap   total 196608K, used 141956K [0x0000000080000000, 0x0000000100000000)
  region size 1024K, 47 young (48128K), 3 survivors (3072K)
 Metaspace       used 77566K, committed 78208K, reserved 1122304K
  class space    used 10416K, committed 10752K, reserved 1048576K
}
Event: 8.483 GC heap after
{Heap after GC invocations=31 (full 0):
 garbage-first heap   total 196608K, used 99434K [0x0000000080000000, 0x0000000100000000)
  region size 1024K, 5 young (5120K), 5 survivors (5120K)
 Metaspace       used 77566K, committed 78208K, reserved 1122304K
  class space    used 10416K, committed 10752K, reserved 1048576K
}
Event: 8.986 GC heap before
{Heap before GC invocations=32 (full 0):
 garbage-first heap   total 196608K, used 146538K [0x0000000080000000, 0x0000000100000000)
  region size 1024K, 52 young (53248K), 5 survivors (5120K)
 Metaspace       used 82073K, committed 82752K, reserved 1122304K
  class space    used 11014K, committed 11328K, reserved 1048576K
}
Event: 8.991 GC heap after
{Heap after GC invocations=33 (full 0):
 garbage-first heap   total 196608K, used 102482K [0x0000000080000000, 0x0000000100000000)
  region size 1024K, 6 young (6144K), 6 survivors (6144K)
 Metaspace       used 82073K, committed 82752K, reserved 1122304K
  class space    used 11014K, committed 11328K, reserved 1048576K
}
Event: 9.093 GC heap before
{Heap before GC invocations=33 (full 0):
 garbage-first heap   total 196608K, used 112722K [0x0000000080000000, 0x0000000100000000)
  region size 1024K, 17 young (17408K), 6 survivors (6144K)
 Metaspace       used 83744K, committed 84480K, reserved 1122304K
  class space    used 11221K, committed 11584K, reserved 1048576K
}
Event: 9.097 GC heap after
{Heap after GC invocations=34 (full 0):
 garbage-first heap   total 196608K, used 102866K [0x0000000080000000, 0x0000000100000000)
  region size 1024K, 4 young (4096K), 4 survivors (4096K)
 Metaspace       used 83744K, committed 84480K, reserved 1122304K
  class space    used 11221K, committed 11584K, reserved 1048576K
}

