# JRE version: OpenJDK Runtime Environment (17.0.6) (build 17.0.6+0-b2043.56-10027231)
# Java VM: OpenJDK 64-Bit Server VM (17.0.6+0-b2043.56-10027231, mixed mode, tiered, compressed oops, compressed class ptrs, g1 gc, windows-amd64)
GC Precious Log:
 CPUs: 12 total, 12 available
 Memory: 16313M
 Large Page Support: Disabled
 NUMA Support: Disabled
 Compressed Oops: Enabled (32-bit)
 Heap Region Size: 1M
 Heap Min Capacity: 8M
 Heap Initial Capacity: 256M
 Heap Max Capacity: 2G
 Pre-touch: Disabled
 Parallel Workers: 10
 Concurrent Workers: 3
 Concurrent Refinement Workers: 10
 Periodic GC: Disabled
Heap:
 garbage-first heap   total 333824K, used 215853K [0x0000000080000000, 0x0000000100000000)
  region size 1024K, 62 young (63488K), 8 survivors (8192K)
 Metaspace       used 114827K, committed 115584K, reserved 1155072K
  class space    used 15267K, committed 15616K, reserved 1048576K
GC Heap History (20 events):
Event: 7.826 GC heap before
{Heap before GC invocations=33 (full 0):
 garbage-first heap   total 189440K, used 143719K [0x0000000080000000, 0x0000000100000000)
  region size 1024K, 45 young (46080K), 1 survivors (1024K)
 Metaspace       used 71060K, committed 71744K, reserved 1114112K
  class space    used 9518K, committed 9856K, reserved 1048576K
}
Event: 7.829 GC heap after
{Heap after GC invocations=34 (full 0):
 garbage-first heap   total 189440K, used 100998K [0x0000000080000000, 0x0000000100000000)
  region size 1024K, 4 young (4096K), 4 survivors (4096K)
 Metaspace       used 71060K, committed 71744K, reserved 1114112K
  class space    used 9518K, committed 9856K, reserved 1048576K
}
Event: 8.333 GC heap before
{Heap before GC invocations=35 (full 0):
 garbage-first heap   total 189440K, used 149126K [0x0000000080000000, 0x0000000100000000)
  region size 1024K, 52 young (53248K), 4 survivors (4096K)
 Metaspace       used 77082K, committed 77760K, reserved 1122304K
  class space    used 10352K, committed 10688K, reserved 1048576K
}
Event: 8.337 GC heap after
{Heap after GC invocations=36 (full 0):
 garbage-first heap   total 189440K, used 102732K [0x0000000080000000, 0x0000000100000000)
  region size 1024K, 6 young (6144K), 6 survivors (6144K)
 Metaspace       used 77082K, committed 77760K, reserved 1122304K
  class space    used 10352K, committed 10688K, reserved 1048576K
}
Event: 8.362 GC heap before
{Heap before GC invocations=36 (full 0):
 garbage-first heap   total 189440K, used 105804K [0x0000000080000000, 0x0000000100000000)
  region size 1024K, 9 young (9216K), 6 survivors (6144K)
 Metaspace       used 77406K, committed 78080K, reserved 1122304K
  class space    used 10404K, committed 10752K, reserved 1048576K
}
Event: 8.366 GC heap after
{Heap after GC invocations=37 (full 0):
 garbage-first heap   total 189440K, used 102667K [0x0000000080000000, 0x0000000100000000)
  region size 1024K, 1 young (1024K), 1 survivors (1024K)
 Metaspace       used 77406K, committed 78080K, reserved 1122304K
  class space    used 10404K, committed 10752K, reserved 1048576K
}
Event: 8.900 GC heap before
{Heap before GC invocations=37 (full 0):
 garbage-first heap   total 189440K, used 152843K [0x0000000080000000, 0x0000000100000000)
  region size 1024K, 50 young (51200K), 1 survivors (1024K)
 Metaspace       used 82146K, committed 82880K, reserved 1122304K
  class space    used 11024K, committed 11392K, reserved 1048576K
}
Event: 8.903 GC heap after
{Heap after GC invocations=38 (full 0):
 garbage-first heap   total 189440K, used 104921K [0x0000000080000000, 0x0000000100000000)
  region size 1024K, 4 young (4096K), 4 survivors (4096K)
 Metaspace       used 82146K, committed 82880K, reserved 1122304K
  class space    used 11024K, committed 11392K, reserved 1048576K
}
Event: 9.447 GC heap before
{Heap before GC invocations=39 (full 0):
 garbage-first heap   total 189440K, used 158169K [0x0000000080000000, 0x0000000100000000)
  region size 1024K, 52 young (53248K), 4 survivors (4096K)
 Metaspace       used 90642K, committed 91328K, reserved 1130496K
  class space    used 12474K, committed 12800K, reserved 1048576K
}
Event: 9.451 GC heap after
{Heap after GC invocations=40 (full 0):
 garbage-first heap   total 189440K, used 110651K [0x0000000080000000, 0x0000000100000000)
  region size 1024K, 5 young (5120K), 5 survivors (5120K)
 Metaspace       used 90642K, committed 91328K, reserved 1130496K
  class space    used 12474K, committed 12800K, reserved 1048576K
}
Event: 9.505 GC heap before
{Heap before GC invocations=40 (full 0):
 garbage-first heap   total 189440K, used 114747K [0x0000000080000000, 0x0000000100000000)
  region size 1024K, 9 young (9216K), 5 survivors (5120K)
 Metaspace       used 91453K, committed 92224K, reserved 1130496K
  class space    used 12678K, committed 13056K, reserved 1048576K
}
Event: 9.508 GC heap after
{Heap after GC invocations=41 (full 0):
 garbage-first heap   total 189440K, used 110317K [0x0000000080000000, 0x0000000100000000)
  region size 1024K, 1 young (1024K), 1 survivors (1024K)
 Metaspace       used 91453K, committed 92224K, reserved 1130496K
  class space    used 12678K, committed 13056K, reserved 1048576K
}
Event: 9.785 GC heap before
{Heap before GC invocations=41 (full 0):
 garbage-first heap   total 189440K, used 163565K [0x0000000080000000, 0x0000000100000000)
  region size 1024K, 47 young (48128K), 1 survivors (1024K)
 Metaspace       used 92362K, committed 93120K, reserved 1130496K
  class space    used 12768K, committed 13120K, reserved 1048576K
}
Event: 9.794 GC heap after
{Heap after GC invocations=42 (full 0):
 garbage-first heap   total 189440K, used 123013K [0x0000000080000000, 0x0000000100000000)
  region size 1024K, 6 young (6144K), 6 survivors (6144K)
 Metaspace       used 92362K, committed 93120K, reserved 1130496K
  class space    used 12768K, committed 13120K, reserved 1048576K
}
Event: 9.885 GC heap before
{Heap before GC invocations=42 (full 0):
 garbage-first heap   total 189440K, used 153733K [0x0000000080000000, 0x0000000100000000)
  region size 1024K, 36 young (36864K), 6 survivors (6144K)
 Metaspace       used 92367K, committed 93120K, reserved 1130496K
  class space    used 12768K, committed 13120K, reserved 1048576K
}
Event: 9.896 GC heap after
{Heap after GC invocations=43 (full 0):
 garbage-first heap   total 333824K, used 134144K [0x0000000080000000, 0x0000000100000000)
  region size 1024K, 5 young (5120K), 5 survivors (5120K)
 Metaspace       used 92367K, committed 93120K, reserved 1130496K
  class space    used 12768K, committed 13120K, reserved 1048576K
}
Event: 10.972 GC heap before
{Heap before GC invocations=43 (full 0):
 garbage-first heap   total 333824K, used 257024K [0x0000000080000000, 0x0000000100000000)
  region size 1024K, 119 young (121856K), 5 survivors (5120K)
 Metaspace       used 104355K, committed 105088K, reserved 1146880K
  class space    used 13998K, committed 14336K, reserved 1048576K
}
Event: 10.982 GC heap after
{Heap after GC invocations=44 (full 0):
 garbage-first heap   total 333824K, used 153600K [0x0000000080000000, 0x0000000100000000)
  region size 1024K, 15 young (15360K), 15 survivors (15360K)
 Metaspace       used 104355K, committed 105088K, reserved 1146880K
  class space    used 13998K, committed 14336K, reserved 1048576K
}
Event: 11.983 GC heap before
{Heap before GC invocations=44 (full 0):
 garbage-first heap   total 333824K, used 254976K [0x0000000080000000, 0x0000000100000000)
  region size 1024K, 113 young (115712K), 15 survivors (15360K)
 Metaspace       used 113209K, committed 113984K, reserved 1155072K
  class space    used 15093K, committed 15424K, reserved 1048576K
}
Event: 11.992 GC heap after
{Heap after GC invocations=45 (full 0):
 garbage-first heap   total 333824K, used 161581K [0x0000000080000000, 0x0000000100000000)
  region size 1024K, 8 young (8192K), 8 survivors (8192K)
 Metaspace       used 113209K, committed 113984K, reserved 1155072K
  class space    used 15093K, committed 15424K, reserved 1048576K
}

