# JRE version: OpenJDK Runtime Environment (17.0.6) (build 17.0.6+0-b2043.56-10027231)
# Java VM: OpenJDK 64-Bit Server VM (17.0.6+0-b2043.56-10027231, mixed mode, tiered, compressed oops, compressed class ptrs, g1 gc, windows-amd64)
GC Precious Log:
 CPUs: 12 total, 12 available
 Memory: 16313M
 Large Page Support: Disabled
 NUMA Support: Disabled
 Compressed Oops: Enabled (32-bit)
 Heap Region Size: 1M
 Heap Min Capacity: 8M
 Heap Initial Capacity: 256M
 Heap Max Capacity: 2G
 Pre-touch: Disabled
 Parallel Workers: 10
 Concurrent Workers: 3
 Concurrent Refinement Workers: 10
 Periodic GC: Disabled
Heap:
 garbage-first heap   total 293888K, used 182648K [0x0000000080000000, 0x0000000100000000)
  region size 1024K, 11 young (11264K), 5 survivors (5120K)
 Metaspace       used 136284K, committed 137024K, reserved 1171456K
  class space    used 17589K, committed 17984K, reserved 1048576K
GC Heap History (20 events):
Event: 47.774 GC heap before
{Heap before GC invocations=86 (full 0):
 garbage-first heap   total 269312K, used 208291K [0x0000000080000000, 0x0000000100000000)
  region size 1024K, 107 young (109568K), 12 survivors (12288K)
 Metaspace       used 92219K, committed 92928K, reserved 1130496K
  class space    used 12517K, committed 12864K, reserved 1048576K
}
Event: 47.782 GC heap after
{Heap after GC invocations=87 (full 0):
 garbage-first heap   total 269312K, used 110966K [0x0000000080000000, 0x0000000100000000)
  region size 1024K, 13 young (13312K), 13 survivors (13312K)
 Metaspace       used 92219K, committed 92928K, reserved 1130496K
  class space    used 12517K, committed 12864K, reserved 1048576K
}
Event: 49.102 GC heap before
{Heap before GC invocations=87 (full 0):
 garbage-first heap   total 269312K, used 215414K [0x0000000080000000, 0x0000000100000000)
  region size 1024K, 108 young (110592K), 13 survivors (13312K)
 Metaspace       used 97009K, committed 97728K, reserved 1138688K
  class space    used 13072K, committed 13440K, reserved 1048576K
}
Event: 49.108 GC heap after
{Heap after GC invocations=88 (full 0):
 garbage-first heap   total 269312K, used 115504K [0x0000000080000000, 0x0000000100000000)
  region size 1024K, 11 young (11264K), 11 survivors (11264K)
 Metaspace       used 97009K, committed 97728K, reserved 1138688K
  class space    used 13072K, committed 13440K, reserved 1048576K
}
Event: 54.687 GC heap before
{Heap before GC invocations=88 (full 0):
 garbage-first heap   total 269312K, used 215856K [0x0000000080000000, 0x0000000100000000)
  region size 1024K, 106 young (108544K), 11 survivors (11264K)
 Metaspace       used 106922K, committed 107712K, reserved 1146880K
  class space    used 14320K, committed 14656K, reserved 1048576K
}
Event: 54.693 GC heap after
{Heap after GC invocations=89 (full 0):
 garbage-first heap   total 269312K, used 120323K [0x0000000080000000, 0x0000000100000000)
  region size 1024K, 5 young (5120K), 5 survivors (5120K)
 Metaspace       used 106922K, committed 107712K, reserved 1146880K
  class space    used 14320K, committed 14656K, reserved 1048576K
}
Event: 55.430 GC heap before
{Heap before GC invocations=89 (full 0):
 garbage-first heap   total 269312K, used 222723K [0x0000000080000000, 0x0000000100000000)
  region size 1024K, 100 young (102400K), 5 survivors (5120K)
 Metaspace       used 107983K, committed 108736K, reserved 1146880K
  class space    used 14428K, committed 14784K, reserved 1048576K
}
Event: 55.448 GC heap after
{Heap after GC invocations=90 (full 0):
 garbage-first heap   total 269312K, used 146214K [0x0000000080000000, 0x0000000100000000)
  region size 1024K, 13 young (13312K), 13 survivors (13312K)
 Metaspace       used 107983K, committed 108736K, reserved 1146880K
  class space    used 14428K, committed 14784K, reserved 1048576K
}
Event: 56.328 GC heap before
{Heap before GC invocations=90 (full 0):
 garbage-first heap   total 269312K, used 220966K [0x0000000080000000, 0x0000000100000000)
  region size 1024K, 80 young (81920K), 13 survivors (13312K)
 Metaspace       used 115265K, committed 116032K, reserved 1155072K
  class space    used 15183K, committed 15552K, reserved 1048576K
}
Event: 56.338 GC heap after
{Heap after GC invocations=91 (full 0):
 garbage-first heap   total 269312K, used 161414K [0x0000000080000000, 0x0000000100000000)
  region size 1024K, 8 young (8192K), 8 survivors (8192K)
 Metaspace       used 115265K, committed 116032K, reserved 1155072K
  class space    used 15183K, committed 15552K, reserved 1048576K
}
Event: 57.359 GC heap before
{Heap before GC invocations=91 (full 0):
 garbage-first heap   total 269312K, used 215686K [0x0000000080000000, 0x0000000100000000)
  region size 1024K, 62 young (63488K), 8 survivors (8192K)
 Metaspace       used 122774K, committed 123520K, reserved 1163264K
  class space    used 16083K, committed 16448K, reserved 1048576K
}
Event: 57.365 GC heap after
{Heap after GC invocations=92 (full 0):
 garbage-first heap   total 269312K, used 165797K [0x0000000080000000, 0x0000000100000000)
  region size 1024K, 5 young (5120K), 5 survivors (5120K)
 Metaspace       used 122774K, committed 123520K, reserved 1163264K
  class space    used 16083K, committed 16448K, reserved 1048576K
}
Event: 58.031 GC heap before
{Heap before GC invocations=93 (full 0):
 garbage-first heap   total 281600K, used 223141K [0x0000000080000000, 0x0000000100000000)
  region size 1024K, 60 young (61440K), 5 survivors (5120K)
 Metaspace       used 125891K, committed 126720K, reserved 1163264K
  class space    used 16473K, committed 16896K, reserved 1048576K
}
Event: 58.037 GC heap after
{Heap after GC invocations=94 (full 0):
 garbage-first heap   total 281600K, used 168226K [0x0000000080000000, 0x0000000100000000)
  region size 1024K, 7 young (7168K), 7 survivors (7168K)
 Metaspace       used 125891K, committed 126720K, reserved 1163264K
  class space    used 16473K, committed 16896K, reserved 1048576K
}
Event: 58.189 GC heap before
{Heap before GC invocations=94 (full 0):
 garbage-first heap   total 281600K, used 173346K [0x0000000080000000, 0x0000000100000000)
  region size 1024K, 13 young (13312K), 7 survivors (7168K)
 Metaspace       used 126591K, committed 127360K, reserved 1163264K
  class space    used 16553K, committed 16960K, reserved 1048576K
}
Event: 58.192 GC heap after
{Heap after GC invocations=95 (full 0):
 garbage-first heap   total 281600K, used 167189K [0x0000000080000000, 0x0000000100000000)
  region size 1024K, 2 young (2048K), 2 survivors (2048K)
 Metaspace       used 126591K, committed 127360K, reserved 1163264K
  class space    used 16553K, committed 16960K, reserved 1048576K
}
Event: 58.778 GC heap before
{Heap before GC invocations=95 (full 0):
 garbage-first heap   total 281600K, used 232725K [0x0000000080000000, 0x0000000100000000)
  region size 1024K, 66 young (67584K), 2 survivors (2048K)
 Metaspace       used 129063K, committed 129856K, reserved 1163264K
  class space    used 16813K, committed 17216K, reserved 1048576K
}
Event: 58.784 GC heap after
{Heap after GC invocations=96 (full 0):
 garbage-first heap   total 281600K, used 172759K [0x0000000080000000, 0x0000000100000000)
  region size 1024K, 7 young (7168K), 7 survivors (7168K)
 Metaspace       used 129063K, committed 129856K, reserved 1163264K
  class space    used 16813K, committed 17216K, reserved 1048576K
}
Event: 59.966 GC heap before
{Heap before GC invocations=97 (full 0):
 garbage-first heap   total 293888K, used 234199K [0x0000000080000000, 0x0000000100000000)
  region size 1024K, 67 young (68608K), 7 survivors (7168K)
 Metaspace       used 135567K, committed 136320K, reserved 1171456K
  class space    used 17475K, committed 17856K, reserved 1048576K
}
Event: 59.972 GC heap after
{Heap after GC invocations=98 (full 0):
 garbage-first heap   total 293888K, used 177528K [0x0000000080000000, 0x0000000100000000)
  region size 1024K, 5 young (5120K), 5 survivors (5120K)
 Metaspace       used 135567K, committed 136320K, reserved 1171456K
  class space    used 17475K, committed 17856K, reserved 1048576K
}

